This file contains any messages produced by compilers while
running configure, to aid debugging if configure makes a mistake.

It was created by rnnoise configure unknown, which was
generated by GNU Autoconf 2.69.  Invocation command line was

  $ ./configure 

## --------- ##
## Platform. ##
## --------- ##

hostname = gop-training-12-22.qcpmbj4.zybang.com
uname -m = x86_64
uname -r = 3.10.0-514.26.2.el7.x86_64
uname -s = Linux
uname -v = #1 SMP Tue Jul 4 15:04:05 UTC 2017

/usr/bin/uname -p = x86_64
/bin/uname -X     = unknown

/bin/arch              = x86_64
/usr/bin/arch -k       = unknown
/usr/convex/getsysinfo = unknown
/usr/bin/hostinfo      = unknown
/bin/machine           = unknown
/usr/bin/oslevel       = unknown
/bin/universe          = unknown

PATH: /usr/local/cuda/bin
PATH: /data/asr/wangxingkun/envs/py37/bin
PATH: /data/asr/anaconda3/condabin
PATH: /usr/local/cuda/bin
PATH: /usr/lib64/qt-3.3/bin
PATH: /usr/local/bin
PATH: /usr/bin
PATH: /usr/local/sbin
PATH: /usr/sbin
PATH: /home/asr/huangzhichao/android-gop/android-sdk/android-sdk-linux/tools
PATH: /home/asr/huangzhichao/android-gop/android-sdk/android-sdk-linux/platform
PATH: /usr/local/go/bin
PATH: /home/asr/huangzhichao/android-gop/java/jdk1.8.0_231/bin
PATH: /home/asr/huangzhichao/android-gop/java/jdk1.8.0_231/jre/bin
PATH: /home/asr/huangzhichao/android-gop/gradle/gradle-4.6/bin
PATH: /data/asr/wangshenjian/kaldi/tools/srilm/bin/i686-m64
PATH: /data/asr/wangshenjian/kaldi/tools/srilm/bin
PATH: /home/asr/huangzhichao/android-gop/cmake-3.16.0-rc2/bin
PATH: /data/asr/.local/bin
PATH: /data/asr/bin
PATH: /data/asr/wangshenjian/kaldi/tools/srilm/bin/i686-m64
PATH: /data/asr/wangshenjian/kaldi/tools/srilm/bin
PATH: /home/asr/huangzhichao/android-gop/cmake-3.16.0-rc2/bin


## ----------- ##
## Core tests. ##
## ----------- ##

configure:2284: checking for gcc
configure:2300: found /usr/bin/gcc
configure:2311: result: gcc
configure:2540: checking for C compiler version
configure:2549: gcc --version >&5
gcc (GCC) 4.8.5 20150623 (Red Hat 4.8.5-44)
Copyright (C) 2015 Free Software Foundation, Inc.
This is free software; see the source for copying conditions.  There is NO
warranty; not even for MERCHANTABILITY or FITNESS FOR A PARTICULAR PURPOSE.

configure:2560: $? = 0
configure:2549: gcc -v >&5
Using built-in specs.
COLLECT_GCC=gcc
COLLECT_LTO_WRAPPER=/usr/libexec/gcc/x86_64-redhat-linux/4.8.5/lto-wrapper
Target: x86_64-redhat-linux
Configured with: ../configure --prefix=/usr --mandir=/usr/share/man --infodir=/usr/share/info --with-bugurl=http://bugzilla.redhat.com/bugzilla --enable-bootstrap --enable-shared --enable-threads=posix --enable-checking=release --with-system-zlib --enable-__cxa_atexit --disable-libunwind-exceptions --enable-gnu-unique-object --enable-linker-build-id --with-linker-hash-style=gnu --enable-languages=c,c++,objc,obj-c++,java,fortran,ada,go,lto --enable-plugin --enable-initfini-array --disable-libgcj --with-isl=/builddir/build/BUILD/gcc-4.8.5-20150702/obj-x86_64-redhat-linux/isl-install --with-cloog=/builddir/build/BUILD/gcc-4.8.5-20150702/obj-x86_64-redhat-linux/cloog-install --enable-gnu-indirect-function --with-tune=generic --with-arch_32=x86-64 --build=x86_64-redhat-linux
Thread model: posix
gcc version 4.8.5 20150623 (Red Hat 4.8.5-44) (GCC) 
configure:2560: $? = 0
configure:2549: gcc -V >&5
gcc: error: unrecognized command line option '-V'
gcc: fatal error: no input files
compilation terminated.
configure:2560: $? = 4
configure:2549: gcc -qversion >&5
gcc: error: unrecognized command line option '-qversion'
gcc: fatal error: no input files
compilation terminated.
configure:2560: $? = 4
configure:2580: checking whether the C compiler works
configure:2602: gcc -I/usr/local/cuda//include -I/usr/local/cuda//include    conftest.c  >&5
configure:2606: $? = 0
configure:2654: result: yes
configure:2657: checking for C compiler default output file name
configure:2659: result: a.out
configure:2665: checking for suffix of executables
configure:2672: gcc -o conftest -I/usr/local/cuda//include -I/usr/local/cuda//include    conftest.c  >&5
configure:2676: $? = 0
configure:2698: result: 
configure:2720: checking whether we are cross compiling
configure:2728: gcc -o conftest -I/usr/local/cuda//include -I/usr/local/cuda//include    conftest.c  >&5
configure:2732: $? = 0
configure:2739: ./conftest
configure:2743: $? = 0
configure:2758: result: no
configure:2763: checking for suffix of object files
configure:2785: gcc -c -I/usr/local/cuda//include -I/usr/local/cuda//include   conftest.c >&5
configure:2789: $? = 0
configure:2810: result: o
configure:2814: checking whether we are using the GNU C compiler
configure:2833: gcc -c -I/usr/local/cuda//include -I/usr/local/cuda//include   conftest.c >&5
configure:2833: $? = 0
configure:2842: result: yes
configure:2851: checking whether gcc accepts -g
configure:2871: gcc -c -g  conftest.c >&5
configure:2871: $? = 0
configure:2912: result: yes
configure:2929: checking for gcc option to accept ISO C89
configure:2992: gcc  -c -I/usr/local/cuda//include -I/usr/local/cuda//include   conftest.c >&5
configure:2992: $? = 0
configure:3005: result: none needed
configure:3031: checking how to run the C preprocessor
configure:3062: gcc -E  conftest.c
configure:3062: $? = 0
configure:3076: gcc -E  conftest.c
conftest.c:9:28: fatal error: ac_nonexistent.h: No such file or directory
 #include <ac_nonexistent.h>
                            ^
compilation terminated.
configure:3076: $? = 1
configure: failed program was:
| /* confdefs.h */
| #define PACKAGE_NAME "rnnoise"
| #define PACKAGE_TARNAME "rnnoise"
| #define PACKAGE_VERSION "unknown"
| #define PACKAGE_STRING "rnnoise unknown"
| #define PACKAGE_BUGREPORT "jmvalin@jmvalin.ca"
| #define PACKAGE_URL ""
| /* end confdefs.h.  */
| #include <ac_nonexistent.h>
configure:3101: result: gcc -E
configure:3121: gcc -E  conftest.c
configure:3121: $? = 0
configure:3135: gcc -E  conftest.c
conftest.c:9:28: fatal error: ac_nonexistent.h: No such file or directory
 #include <ac_nonexistent.h>
                            ^
compilation terminated.
configure:3135: $? = 1
configure: failed program was:
| /* confdefs.h */
| #define PACKAGE_NAME "rnnoise"
| #define PACKAGE_TARNAME "rnnoise"
| #define PACKAGE_VERSION "unknown"
| #define PACKAGE_STRING "rnnoise unknown"
| #define PACKAGE_BUGREPORT "jmvalin@jmvalin.ca"
| #define PACKAGE_URL ""
| /* end confdefs.h.  */
| #include <ac_nonexistent.h>
configure:3164: checking for grep that handles long lines and -e
configure:3222: result: /usr/bin/grep
configure:3227: checking for egrep
configure:3289: result: /usr/bin/grep -E
configure:3294: checking for ANSI C header files
configure:3314: gcc -c -I/usr/local/cuda//include -I/usr/local/cuda//include   conftest.c >&5
configure:3314: $? = 0
configure:3387: gcc -o conftest -I/usr/local/cuda//include -I/usr/local/cuda//include    conftest.c  >&5
configure:3387: $? = 0
configure:3387: ./conftest
configure:3387: $? = 0
configure:3398: result: yes
configure:3411: checking for sys/types.h
configure:3411: gcc -c -I/usr/local/cuda//include -I/usr/local/cuda//include   conftest.c >&5
configure:3411: $? = 0
configure:3411: result: yes
configure:3411: checking for sys/stat.h
configure:3411: gcc -c -I/usr/local/cuda//include -I/usr/local/cuda//include   conftest.c >&5
configure:3411: $? = 0
configure:3411: result: yes
configure:3411: checking for stdlib.h
configure:3411: gcc -c -I/usr/local/cuda//include -I/usr/local/cuda//include   conftest.c >&5
configure:3411: $? = 0
configure:3411: result: yes
configure:3411: checking for string.h
configure:3411: gcc -c -I/usr/local/cuda//include -I/usr/local/cuda//include   conftest.c >&5
configure:3411: $? = 0
configure:3411: result: yes
configure:3411: checking for memory.h
configure:3411: gcc -c -I/usr/local/cuda//include -I/usr/local/cuda//include   conftest.c >&5
configure:3411: $? = 0
configure:3411: result: yes
configure:3411: checking for strings.h
configure:3411: gcc -c -I/usr/local/cuda//include -I/usr/local/cuda//include   conftest.c >&5
configure:3411: $? = 0
configure:3411: result: yes
configure:3411: checking for inttypes.h
configure:3411: gcc -c -I/usr/local/cuda//include -I/usr/local/cuda//include   conftest.c >&5
configure:3411: $? = 0
configure:3411: result: yes
configure:3411: checking for stdint.h
configure:3411: gcc -c -I/usr/local/cuda//include -I/usr/local/cuda//include   conftest.c >&5
configure:3411: $? = 0
configure:3411: result: yes
configure:3411: checking for unistd.h
configure:3411: gcc -c -I/usr/local/cuda//include -I/usr/local/cuda//include   conftest.c >&5
configure:3411: $? = 0
configure:3411: result: yes
configure:3424: checking minix/config.h usability
configure:3424: gcc -c -I/usr/local/cuda//include -I/usr/local/cuda//include   conftest.c >&5
conftest.c:52:26: fatal error: minix/config.h: No such file or directory
 #include <minix/config.h>
                          ^
compilation terminated.
configure:3424: $? = 1
configure: failed program was:
| /* confdefs.h */
| #define PACKAGE_NAME "rnnoise"
| #define PACKAGE_TARNAME "rnnoise"
| #define PACKAGE_VERSION "unknown"
| #define PACKAGE_STRING "rnnoise unknown"
| #define PACKAGE_BUGREPORT "jmvalin@jmvalin.ca"
| #define PACKAGE_URL ""
| #define STDC_HEADERS 1
| #define HAVE_SYS_TYPES_H 1
| #define HAVE_SYS_STAT_H 1
| #define HAVE_STDLIB_H 1
| #define HAVE_STRING_H 1
| #define HAVE_MEMORY_H 1
| #define HAVE_STRINGS_H 1
| #define HAVE_INTTYPES_H 1
| #define HAVE_STDINT_H 1
| #define HAVE_UNISTD_H 1
| /* end confdefs.h.  */
| #include <stdio.h>
| #ifdef HAVE_SYS_TYPES_H
| # include <sys/types.h>
| #endif
| #ifdef HAVE_SYS_STAT_H
| # include <sys/stat.h>
| #endif
| #ifdef STDC_HEADERS
| # include <stdlib.h>
| # include <stddef.h>
| #else
| # ifdef HAVE_STDLIB_H
| #  include <stdlib.h>
| # endif
| #endif
| #ifdef HAVE_STRING_H
| # if !defined STDC_HEADERS && defined HAVE_MEMORY_H
| #  include <memory.h>
| # endif
| # include <string.h>
| #endif
| #ifdef HAVE_STRINGS_H
| # include <strings.h>
| #endif
| #ifdef HAVE_INTTYPES_H
| # include <inttypes.h>
| #endif
| #ifdef HAVE_STDINT_H
| # include <stdint.h>
| #endif
| #ifdef HAVE_UNISTD_H
| # include <unistd.h>
| #endif
| #include <minix/config.h>
configure:3424: result: no
configure:3424: checking minix/config.h presence
configure:3424: gcc -E  conftest.c
conftest.c:19:26: fatal error: minix/config.h: No such file or directory
 #include <minix/config.h>
                          ^
compilation terminated.
configure:3424: $? = 1
configure: failed program was:
| /* confdefs.h */
| #define PACKAGE_NAME "rnnoise"
| #define PACKAGE_TARNAME "rnnoise"
| #define PACKAGE_VERSION "unknown"
| #define PACKAGE_STRING "rnnoise unknown"
| #define PACKAGE_BUGREPORT "jmvalin@jmvalin.ca"
| #define PACKAGE_URL ""
| #define STDC_HEADERS 1
| #define HAVE_SYS_TYPES_H 1
| #define HAVE_SYS_STAT_H 1
| #define HAVE_STDLIB_H 1
| #define HAVE_STRING_H 1
| #define HAVE_MEMORY_H 1
| #define HAVE_STRINGS_H 1
| #define HAVE_INTTYPES_H 1
| #define HAVE_STDINT_H 1
| #define HAVE_UNISTD_H 1
| /* end confdefs.h.  */
| #include <minix/config.h>
configure:3424: result: no
configure:3424: checking for minix/config.h
configure:3424: result: no
configure:3445: checking whether it is safe to define __EXTENSIONS__
configure:3463: gcc -c -I/usr/local/cuda//include -I/usr/local/cuda//include   conftest.c >&5
configure:3463: $? = 0
configure:3470: result: yes
configure:3491: checking for special C compiler options needed for large files
configure:3536: result: no
configure:3542: checking for _FILE_OFFSET_BITS value needed for large files
configure:3567: gcc -c -I/usr/local/cuda//include -I/usr/local/cuda//include   conftest.c >&5
configure:3567: $? = 0
configure:3599: result: no
configure:3730: checking for a BSD-compatible install
configure:3798: result: /usr/bin/install -c
configure:3809: checking whether build environment is sane
configure:3864: result: yes
configure:4015: checking for a thread-safe mkdir -p
configure:4054: result: /usr/bin/mkdir -p
configure:4061: checking for gawk
configure:4077: found /usr/bin/gawk
configure:4088: result: gawk
configure:4099: checking whether make sets $(MAKE)
configure:4121: result: yes
configure:4151: checking for style of include used by make
configure:4179: result: GNU
configure:4213: checking whether make supports nested variables
configure:4230: result: yes
configure:4306: checking dependency style of gcc
configure:4417: result: gcc3
configure:4434: checking whether to enable maintainer-specific portions of Makefiles
configure:4443: result: yes
configure:4457: checking for inline
configure:4473: gcc -c -I/usr/local/cuda//include -I/usr/local/cuda//include   conftest.c >&5
configure:4473: $? = 0
configure:4481: result: inline
configure:4529: checking build system type
configure:4543: result: x86_64-unknown-linux-gnu
configure:4563: checking host system type
configure:4576: result: x86_64-unknown-linux-gnu
configure:4617: checking how to print strings
configure:4644: result: printf
configure:4665: checking for a sed that does not truncate output
configure:4729: result: /usr/bin/sed
configure:4747: checking for fgrep
configure:4809: result: /usr/bin/grep -F
configure:4844: checking for ld used by gcc
configure:4911: result: /usr/bin/ld
configure:4918: checking if the linker (/usr/bin/ld) is GNU ld
configure:4933: result: yes
configure:4945: checking for BSD- or MS-compatible name lister (nm)
configure:4994: result: /usr/bin/nm -B
configure:5124: checking the name lister (/usr/bin/nm -B) interface
configure:5131: gcc -c -I/usr/local/cuda//include -I/usr/local/cuda//include   conftest.c >&5
configure:5134: /usr/bin/nm -B "conftest.o"
configure:5137: output
0000000000000000 B some_variable
configure:5144: result: BSD nm
configure:5147: checking whether ln -s works
configure:5151: result: yes
configure:5159: checking the maximum length of command line arguments
configure:5289: result: 1572864
configure:5306: checking whether the shell understands some XSI constructs
configure:5316: result: yes
configure:5320: checking whether the shell understands "+="
configure:5326: result: yes
configure:5361: checking how to convert x86_64-unknown-linux-gnu file names to x86_64-unknown-linux-gnu format
configure:5401: result: func_convert_file_noop
configure:5408: checking how to convert x86_64-unknown-linux-gnu file names to toolchain format
configure:5428: result: func_convert_file_noop
configure:5435: checking for /usr/bin/ld option to reload object files
configure:5442: result: -r
configure:5516: checking for objdump
configure:5532: found /usr/bin/objdump
configure:5543: result: objdump
configure:5575: checking how to recognize dependent libraries
configure:5777: result: pass_all
configure:5862: checking for dlltool
configure:5892: result: no
configure:5922: checking how to associate runtime and link libraries
configure:5949: result: printf %s\n
configure:6009: checking for ar
configure:6025: found /usr/bin/ar
configure:6036: result: ar
configure:6073: checking for archiver @FILE support
configure:6090: gcc -c -I/usr/local/cuda//include -I/usr/local/cuda//include   conftest.c >&5
configure:6090: $? = 0
configure:6093: ar cru libconftest.a @conftest.lst >&5
configure:6096: $? = 0
configure:6101: ar cru libconftest.a @conftest.lst >&5
ar: conftest.o: No such file or directory
configure:6104: $? = 1
configure:6116: result: @
configure:6174: checking for strip
configure:6190: found /usr/bin/strip
configure:6201: result: strip
configure:6273: checking for ranlib
configure:6289: found /usr/bin/ranlib
configure:6300: result: ranlib
configure:6402: checking command to parse /usr/bin/nm -B output from gcc object
configure:6522: gcc -c -I/usr/local/cuda//include -I/usr/local/cuda//include   conftest.c >&5
configure:6525: $? = 0
configure:6529: /usr/bin/nm -B conftest.o \| sed -n -e 's/^.*[ ]\([ABCDGIRSTW][ABCDGIRSTW]*\)[ ][ ]*\([_A-Za-z][_A-Za-z0-9]*\)$/\1 \2 \2/p' | sed '/ __gnu_lto/d' \> conftest.nm
configure:6532: $? = 0
configure:6598: gcc -o conftest -I/usr/local/cuda//include -I/usr/local/cuda//include    conftest.c conftstm.o >&5
configure:6601: $? = 0
configure:6639: result: ok
configure:6676: checking for sysroot
configure:6706: result: no
configure:6783: gcc -c -I/usr/local/cuda//include -I/usr/local/cuda//include   conftest.c >&5
configure:6786: $? = 0
configure:6962: checking for mt
configure:6992: result: no
configure:7012: checking if : is a manifest tool
configure:7018: : '-?'
configure:7026: result: no
configure:7665: checking for dlfcn.h
configure:7665: gcc -c -I/usr/local/cuda//include -I/usr/local/cuda//include   conftest.c >&5
configure:7665: $? = 0
configure:7665: result: yes
configure:7871: checking for objdir
configure:7886: result: .libs
configure:8157: checking if gcc supports -fno-rtti -fno-exceptions
configure:8175: gcc -c -I/usr/local/cuda//include -I/usr/local/cuda//include   -fno-rtti -fno-exceptions conftest.c >&5
cc1: warning: command line option '-fno-rtti' is valid for C++/ObjC++ but not for C [enabled by default]
configure:8179: $? = 0
configure:8192: result: no
configure:8519: checking for gcc option to produce PIC
configure:8526: result: -fPIC -DPIC
configure:8534: checking if gcc PIC flag -fPIC -DPIC works
configure:8552: gcc -c -I/usr/local/cuda//include -I/usr/local/cuda//include   -fPIC -DPIC -DPIC conftest.c >&5
configure:8556: $? = 0
configure:8569: result: yes
configure:8598: checking if gcc static flag -static works
configure:8626: result: no
configure:8641: checking if gcc supports -c -o file.o
configure:8662: gcc -c -I/usr/local/cuda//include -I/usr/local/cuda//include   -o out/conftest2.o conftest.c >&5
configure:8666: $? = 0
configure:8688: result: yes
configure:8696: checking if gcc supports -c -o file.o
configure:8743: result: yes
configure:8776: checking whether the gcc linker (/usr/bin/ld -m elf_x86_64) supports shared libraries
configure:9929: result: yes
configure:9966: checking whether -lc should be explicitly linked in
configure:9974: gcc -c -I/usr/local/cuda//include -I/usr/local/cuda//include   conftest.c >&5
configure:9977: $? = 0
configure:9992: gcc -shared  -fPIC -DPIC conftest.o  -v -Wl,-soname -Wl,conftest -o conftest 2\>\&1 \| /usr/bin/grep  -lc  \>/dev/null 2\>\&1
configure:9995: $? = 0
configure:10009: result: no
configure:10169: checking dynamic linker characteristics
configure:10680: gcc -o conftest -I/usr/local/cuda//include -I/usr/local/cuda//include    -Wl,-rpath -Wl,/foo conftest.c  >&5
configure:10680: $? = 0
configure:10906: result: GNU/Linux ld.so
configure:11013: checking how to hardcode library paths into programs
configure:11038: result: immediate
configure:11578: checking whether stripping libraries is possible
configure:11583: result: yes
configure:11618: checking if libtool supports shared libraries
configure:11620: result: yes
configure:11623: checking whether to build shared libraries
configure:11644: result: yes
configure:11647: checking whether to build static libraries
configure:11651: result: yes
configure:11700: checking whether make supports nested variables
configure:11717: result: yes
configure:11745: checking if gcc supports -pedantic flag
configure:11760: gcc -o conftest -I/usr/local/cuda//include -I/usr/local/cuda//include  -pedantic   conftest.c  >&5
configure:11760: $? = 0
configure:11778: result: yes
configure:11745: checking if gcc supports -Wall flag
configure:11760: gcc -o conftest -I/usr/local/cuda//include -I/usr/local/cuda//include  -pedantic -Wall   conftest.c  >&5
configure:11760: $? = 0
configure:11778: result: yes
configure:11745: checking if gcc supports -Wextra flag
configure:11760: gcc -o conftest -I/usr/local/cuda//include -I/usr/local/cuda//include  -pedantic -Wall -Wextra   conftest.c  >&5
configure:11760: $? = 0
configure:11778: result: yes
configure:11745: checking if gcc supports -Wno-sign-compare flag
configure:11760: gcc -o conftest -I/usr/local/cuda//include -I/usr/local/cuda//include  -pedantic -Wall -Wextra -Wno-sign-compare   conftest.c  >&5
configure:11760: $? = 0
configure:11778: result: yes
configure:11745: checking if gcc supports -Wno-parentheses flag
configure:11760: gcc -o conftest -I/usr/local/cuda//include -I/usr/local/cuda//include  -pedantic -Wall -Wextra -Wno-sign-compare -Wno-parentheses   conftest.c  >&5
configure:11760: $? = 0
configure:11778: result: yes
configure:11745: checking if gcc supports -Wno-long-long flag
configure:11760: gcc -o conftest -I/usr/local/cuda//include -I/usr/local/cuda//include  -pedantic -Wall -Wextra -Wno-sign-compare -Wno-parentheses -Wno-long-long   conftest.c  >&5
configure:11760: $? = 0
configure:11778: result: yes
configure:11987: checking for cos in -lm
configure:12012: gcc -o conftest -I/usr/local/cuda//include -I/usr/local/cuda//include  -pedantic -Wall -Wextra -Wno-sign-compare -Wno-parentheses -Wno-long-long   conftest.c -lm   >&5
conftest.c:34:6: warning: conflicting types for built-in function 'cos' [enabled by default]
 char cos ();
      ^
configure:12012: $? = 0
configure:12021: result: yes
configure:12035: checking for gcc way to treat warnings as errors
configure:12050: gcc -o conftest -I/usr/local/cuda//include -I/usr/local/cuda//include  -pedantic -Wall -Wextra -Wno-sign-compare -Wno-parentheses -Wno-long-long -Werror   conftest.c  >&5
configure:12050: $? = 0
configure:12095: result: -Werror
configure:12101: checking if gcc supports __attribute__(( visibility("default") ))
configure:12112: gcc -c -I/usr/local/cuda//include -I/usr/local/cuda//include  -pedantic -Wall -Wextra -Wno-sign-compare -Wno-parentheses -Wno-long-long -Werror  conftest.c >&5
configure:12112: $? = 0
configure:12121: result: yes
configure:12131: checking if gcc supports -fvisibility=hidden
configure:12148: gcc -o conftest -I/usr/local/cuda//include -I/usr/local/cuda//include  -pedantic -Wall -Wextra -Wno-sign-compare -Wno-parentheses -Wno-long-long -Werror -fvisibility=hidden   conftest.c  >&5
configure:12148: $? = 0
configure:12168: result: yes
configure:12196: checking for doxygen
configure:12224: result: no
configure:12234: checking for dot
configure:12250: found /usr/bin/dot
configure:12262: result: yes
configure:12399: checking that generated files are newer than configure
configure:12405: result: done
configure:12444: creating ./config.status

## ---------------------- ##
## Running config.status. ##
## ---------------------- ##

This file was extended by rnnoise config.status unknown, which was
generated by GNU Autoconf 2.69.  Invocation command line was

  CONFIG_FILES    = 
  CONFIG_HEADERS  = 
  CONFIG_LINKS    = 
  CONFIG_COMMANDS = 
  $ ./config.status 

on gop-training-12-22.qcpmbj4.zybang.com

config.status:1105: creating Makefile
config.status:1105: creating rnnoise.pc
config.status:1105: creating rnnoise-uninstalled.pc
config.status:1105: creating doc/Doxyfile
config.status:1105: creating config.h
config.status:1334: executing depfiles commands
config.status:1334: executing libtool commands
configure:14683:
------------------------------------------------------------------------
  rnnoise unknown: Automatic configuration OK.

    Assertions ................... no

    Hidden visibility ............ yes

    API code examples ............ yes
    API documentation ............ yes
------------------------------------------------------------------------


## ---------------- ##
## Cache variables. ##
## ---------------- ##

ac_cv_build=x86_64-unknown-linux-gnu
ac_cv_c_compiler_gnu=yes
ac_cv_c_inline=inline
ac_cv_env_CC_set=
ac_cv_env_CC_value=
ac_cv_env_CFLAGS_set=set
ac_cv_env_CFLAGS_value='-I/usr/local/cuda//include -I/usr/local/cuda//include '
ac_cv_env_CPPFLAGS_set=
ac_cv_env_CPPFLAGS_value=
ac_cv_env_CPP_set=
ac_cv_env_CPP_value=
ac_cv_env_LDFLAGS_set=
ac_cv_env_LDFLAGS_value=
ac_cv_env_LIBS_set=
ac_cv_env_LIBS_value=
ac_cv_env_build_alias_set=
ac_cv_env_build_alias_value=
ac_cv_env_host_alias_set=
ac_cv_env_host_alias_value=
ac_cv_env_target_alias_set=
ac_cv_env_target_alias_value=
ac_cv_header_dlfcn_h=yes
ac_cv_header_inttypes_h=yes
ac_cv_header_memory_h=yes
ac_cv_header_minix_config_h=no
ac_cv_header_stdc=yes
ac_cv_header_stdint_h=yes
ac_cv_header_stdlib_h=yes
ac_cv_header_string_h=yes
ac_cv_header_strings_h=yes
ac_cv_header_sys_stat_h=yes
ac_cv_header_sys_types_h=yes
ac_cv_header_unistd_h=yes
ac_cv_host=x86_64-unknown-linux-gnu
ac_cv_lib_m_cos=yes
ac_cv_objext=o
ac_cv_path_EGREP='/usr/bin/grep -E'
ac_cv_path_FGREP='/usr/bin/grep -F'
ac_cv_path_GREP=/usr/bin/grep
ac_cv_path_SED=/usr/bin/sed
ac_cv_path_install='/usr/bin/install -c'
ac_cv_path_mkdir=/usr/bin/mkdir
ac_cv_prog_AWK=gawk
ac_cv_prog_CPP='gcc -E'
ac_cv_prog_HAVE_DOT=yes
ac_cv_prog_HAVE_DOXYGEN=no
ac_cv_prog_ac_ct_AR=ar
ac_cv_prog_ac_ct_CC=gcc
ac_cv_prog_ac_ct_OBJDUMP=objdump
ac_cv_prog_ac_ct_RANLIB=ranlib
ac_cv_prog_ac_ct_STRIP=strip
ac_cv_prog_cc_c89=
ac_cv_prog_cc_g=yes
ac_cv_prog_make_make_set=yes
ac_cv_safe_to_define___extensions__=yes
ac_cv_sys_file_offset_bits=no
ac_cv_sys_largefile_CC=no
am_cv_CC_dependencies_compiler_type=gcc3
am_cv_make_support_nested_variables=yes
cc_cv_attribute_visibility_default=yes
cc_cv_cflags__Wall=yes
cc_cv_cflags__Werror=yes
cc_cv_cflags__Wextra=yes
cc_cv_cflags__Wno_long_long=yes
cc_cv_cflags__Wno_parentheses=yes
cc_cv_cflags__Wno_sign_compare=yes
cc_cv_cflags__fvisibility_hidden=yes
cc_cv_cflags__pedantic=yes
cc_cv_flag_visibility=yes
cc_cv_werror=-Werror
lt_cv_ar_at_file=@
lt_cv_archive_cmds_need_lc=no
lt_cv_deplibs_check_method=pass_all
lt_cv_file_magic_cmd='$MAGIC_CMD'
lt_cv_file_magic_test_file=
lt_cv_ld_reload_flag=-r
lt_cv_nm_interface='BSD nm'
lt_cv_objdir=.libs
lt_cv_path_LD=/usr/bin/ld
lt_cv_path_NM='/usr/bin/nm -B'
lt_cv_path_mainfest_tool=no
lt_cv_prog_compiler_c_o=yes
lt_cv_prog_compiler_pic='-fPIC -DPIC'
lt_cv_prog_compiler_pic_works=yes
lt_cv_prog_compiler_rtti_exceptions=no
lt_cv_prog_compiler_static_works=no
lt_cv_prog_gnu_ld=yes
lt_cv_sharedlib_from_linklib_cmd='printf %s\n'
lt_cv_shlibpath_overrides_runpath=no
lt_cv_sys_global_symbol_pipe='sed -n -e '\''s/^.*[	 ]\([ABCDGIRSTW][ABCDGIRSTW]*\)[	 ][	 ]*\([_A-Za-z][_A-Za-z0-9]*\)$/\1 \2 \2/p'\'' | sed '\''/ __gnu_lto/d'\'''
lt_cv_sys_global_symbol_to_c_name_address='sed -n -e '\''s/^: \([^ ]*\)[ ]*$/  {\"\1\", (void *) 0},/p'\'' -e '\''s/^[ABCDGIRSTW]* \([^ ]*\) \([^ ]*\)$/  {"\2", (void *) \&\2},/p'\'''
lt_cv_sys_global_symbol_to_c_name_address_lib_prefix='sed -n -e '\''s/^: \([^ ]*\)[ ]*$/  {\"\1\", (void *) 0},/p'\'' -e '\''s/^[ABCDGIRSTW]* \([^ ]*\) \(lib[^ ]*\)$/  {"\2", (void *) \&\2},/p'\'' -e '\''s/^[ABCDGIRSTW]* \([^ ]*\) \([^ ]*\)$/  {"lib\2", (void *) \&\2},/p'\'''
lt_cv_sys_global_symbol_to_cdecl='sed -n -e '\''s/^T .* \(.*\)$/extern int \1();/p'\'' -e '\''s/^[ABCDGIRSTW]* .* \(.*\)$/extern char \1;/p'\'''
lt_cv_sys_max_cmd_len=1572864
lt_cv_to_host_file_cmd=func_convert_file_noop
lt_cv_to_tool_file_cmd=func_convert_file_noop

## ----------------- ##
## Output variables. ##
## ----------------- ##

ACLOCAL='${SHELL} /data/asr/wangxingkun/rnnoise/missing aclocal-1.13'
AMDEPBACKSLASH='\'
AMDEP_FALSE='#'
AMDEP_TRUE=''
AMTAR='$${TAR-tar}'
AM_BACKSLASH='\'
AM_DEFAULT_V='$(AM_DEFAULT_VERBOSITY)'
AM_DEFAULT_VERBOSITY='0'
AM_V='$(V)'
AR='ar'
AUTOCONF='${SHELL} /data/asr/wangxingkun/rnnoise/missing autoconf'
AUTOHEADER='${SHELL} /data/asr/wangxingkun/rnnoise/missing autoheader'
AUTOMAKE='${SHELL} /data/asr/wangxingkun/rnnoise/missing automake-1.13'
AWK='gawk'
CC='gcc'
CCDEPMODE='depmode=gcc3'
CFLAGS='-I/usr/local/cuda//include -I/usr/local/cuda//include  -pedantic -Wall -Wextra -Wno-sign-compare -Wno-parentheses -Wno-long-long -fvisibility=hidden'
CPP='gcc -E'
CPPFLAGS=''
CYGPATH_W='echo'
DEFS='-DHAVE_CONFIG_H'
DEPDIR='.deps'
DLLTOOL='false'
DSYMUTIL=''
DUMPBIN=''
ECHO_C=''
ECHO_N='-n'
ECHO_T=''
EGREP='/usr/bin/grep -E'
EXEEXT=''
FGREP='/usr/bin/grep -F'
GREP='/usr/bin/grep'
HAVE_DOT='yes'
HAVE_DOXYGEN='no'
HAVE_DOXYGEN_FALSE=''
HAVE_DOXYGEN_TRUE='#'
INSTALL_DATA='${INSTALL} -m 644'
INSTALL_PROGRAM='${INSTALL}'
INSTALL_SCRIPT='${INSTALL}'
INSTALL_STRIP_PROGRAM='$(install_sh) -c -s'
LD='/usr/bin/ld -m elf_x86_64'
LDFLAGS=''
LIBM='-lm'
LIBOBJS=''
LIBS=''
LIBTOOL='$(SHELL) $(top_builddir)/libtool'
LIPO=''
LN_S='ln -s'
LTLIBOBJS=''
MAINT=''
MAINTAINER_MODE_FALSE='#'
MAINTAINER_MODE_TRUE=''
MAKEINFO='${SHELL} /data/asr/wangxingkun/rnnoise/missing makeinfo'
MANIFEST_TOOL=':'
MKDIR_P='/usr/bin/mkdir -p'
NM='/usr/bin/nm -B'
NMEDIT=''
OBJDUMP='objdump'
OBJEXT='o'
OP_ENABLE_EXAMPLES_FALSE='#'
OP_ENABLE_EXAMPLES_TRUE=''
OP_LT_AGE='4'
OP_LT_CURRENT='4'
OP_LT_REVISION='1'
OP_WIN32_FALSE=''
OP_WIN32_TRUE='#'
OTOOL64=''
OTOOL=''
PACKAGE='rnnoise'
PACKAGE_BUGREPORT='jmvalin@jmvalin.ca'
PACKAGE_NAME='rnnoise'
PACKAGE_STRING='rnnoise unknown'
PACKAGE_TARNAME='rnnoise'
PACKAGE_URL=''
PACKAGE_VERSION='unknown'
PATH_SEPARATOR=':'
RANLIB='ranlib'
SED='/usr/bin/sed'
SET_MAKE=''
SHELL='/bin/sh'
STRIP='strip'
VERSION='unknown'
ac_ct_AR='ar'
ac_ct_CC='gcc'
ac_ct_DUMPBIN=''
am__EXEEXT_FALSE=''
am__EXEEXT_TRUE='#'
am__fastdepCC_FALSE='#'
am__fastdepCC_TRUE=''
am__include='include'
am__isrc=''
am__leading_dot='.'
am__nodep='_no'
am__quote=''
am__tar='$${TAR-tar} chof - "$$tardir"'
am__untar='$${TAR-tar} xf -'
bindir='${exec_prefix}/bin'
build='x86_64-unknown-linux-gnu'
build_alias=''
build_cpu='x86_64'
build_os='linux-gnu'
build_vendor='unknown'
datadir='${datarootdir}'
datarootdir='${prefix}/share'
docdir='${datarootdir}/doc/${PACKAGE_TARNAME}'
dvidir='${docdir}'
exec_prefix='${prefix}'
host='x86_64-unknown-linux-gnu'
host_alias=''
host_cpu='x86_64'
host_os='linux-gnu'
host_vendor='unknown'
htmldir='${docdir}'
includedir='${prefix}/include'
infodir='${datarootdir}/info'
install_sh='${SHELL} /data/asr/wangxingkun/rnnoise/install-sh'
libdir='${exec_prefix}/lib'
libexecdir='${exec_prefix}/libexec'
localedir='${datarootdir}/locale'
localstatedir='${prefix}/var'
lrintf_lib=''
mandir='${datarootdir}/man'
mkdir_p='$(MKDIR_P)'
oldincludedir='/usr/include'
pdfdir='${docdir}'
prefix='/usr/local'
program_transform_name='s,x,x,'
psdir='${docdir}'
sbindir='${exec_prefix}/sbin'
sharedstatedir='${prefix}/com'
sysconfdir='${prefix}/etc'
target_alias=''

## ----------- ##
## confdefs.h. ##
## ----------- ##

/* confdefs.h */
#define PACKAGE_NAME "rnnoise"
#define PACKAGE_TARNAME "rnnoise"
#define PACKAGE_VERSION "unknown"
#define PACKAGE_STRING "rnnoise unknown"
#define PACKAGE_BUGREPORT "jmvalin@jmvalin.ca"
#define PACKAGE_URL ""
#define STDC_HEADERS 1
#define HAVE_SYS_TYPES_H 1
#define HAVE_SYS_STAT_H 1
#define HAVE_STDLIB_H 1
#define HAVE_STRING_H 1
#define HAVE_MEMORY_H 1
#define HAVE_STRINGS_H 1
#define HAVE_INTTYPES_H 1
#define HAVE_STDINT_H 1
#define HAVE_UNISTD_H 1
#define __EXTENSIONS__ 1
#define _ALL_SOURCE 1
#define _GNU_SOURCE 1
#define _POSIX_PTHREAD_SEMANTICS 1
#define _TANDEM_SOURCE 1
#define HAVE_DLFCN_H 1
#define LT_OBJDIR ".libs/"
#define RNNOISE_BUILD /**/
#define SUPPORT_ATTRIBUTE_VISIBILITY_DEFAULT 1
#define SUPPORT_FLAG_VISIBILITY 1

configure: exit 0
